<?xml version="1.0" encoding="UTF-8"?>
<robot generator="Robot 6.0.1 (Python 3.10.0 on win32)" generated="20221201 20:37:05.810" rpa="false" schemaversion="3">
<suite id="s1" name="TC 002 API" source="C:\Users\mariu\PycharmProjects\setupProject\Divotion_website\TC_002_API.robot">
<test id="s1-t1" name="Test case 1 request test API" line="7">
<kw name="API Tester">
<arg>https://reqres.in/api/users?page=2</arg>
<kw name="Make Api Request" library="API_Request">
<arg>${URL}</arg>
<status status="PASS" starttime="20221201 20:37:05.877" endtime="20221201 20:37:05.982"/>
</kw>
<status status="PASS" starttime="20221201 20:37:05.877" endtime="20221201 20:37:05.982"/>
</kw>
<status status="PASS" starttime="20221201 20:37:05.877" endtime="20221201 20:37:05.982"/>
</test>
<status status="PASS" starttime="20221201 20:37:05.811" endtime="20221201 20:37:05.983"/>
</suite>
<statistics>
<total>
<stat pass="1" fail="0" skip="0">All Tests</stat>
</total>
<tag>
</tag>
<suite>
<stat pass="1" fail="0" skip="0" id="s1" name="TC 002 API">TC 002 API</stat>
</suite>
</statistics>
<errors>
</errors>
</robot>
